<?xml version="1.0" encoding="UTF-8"?>
<testsuite xmlns:xsi="http://www.w3.org/2001/XMLSchema-instance" xsi:noNamespaceSchemaLocation="https://maven.apache.org/surefire/maven-surefire-plugin/xsd/surefire-test-report-3.0.xsd" version="3.0" name="core.RegisterFileTest" time="0.004" tests="6" errors="0" skipped="0" failures="0">
  <properties>
[...]
</properties>
  <testcase name="testAllRegisters" classname="core.RegisterFileTest" time="0.0"/>
  <testcase name="testOutOfBoundsGet" classname="core.RegisterFileTest" time="0.001"/>
  <testcase name="testOutOfBoundsSet" classname="core.RegisterFileTest" time="0.001"/>
  <testcase name="testReset" classname="core.RegisterFileTest" time="0.0"/>
  <testcase name="testDefaultValue" classname="core.RegisterFileTest" time="0.0"/>
  <testcase name="testGetSet" classname="core.RegisterFileTest" time="0.0"/>
</testsuite>